<?xml version="1.0" encoding="UTF-8"?>
<testsuite xmlns:xsi="http://www.w3.org/2001/XMLSchema-instance" xsi:noNamespaceSchemaLocation="https://maven.apache.org/surefire/maven-surefire-plugin/xsd/surefire-test-report.xsd" version="3.0.2" name="tn.iit.ApiGatwayCompainApplicationTests" time="13.088" tests="1" errors="0" skipped="0" failures="0">
  <properties>
[...]
</properties>
  <testcase name="contextLoads" classname="tn.iit.ApiGatwayCompainApplicationTests" time="1.514">
    <system-out><![CDATA[20:22:10.401 [main] INFO org.springframework.test.context.support.AnnotationConfigContextLoaderUtils -- Could not detect default configuration classes for test class [tn.iit.ApiGatwayCompainApplicationTests]: ApiGatwayCompainApplicationTests does not declare any static, non-private, non-final, nested classes annotated with @Configuration.
20:22:10.670 [main] INFO org.springframework.boot.test.context.SpringBootTestContextBootstrapper -- Found @SpringBootConfiguration tn.iit.ApiGatwayCompainApplication for test class tn.iit.ApiGatwayCompainApplicationTests

  .   ____          _            __ _ _
 /\\ / ___'_ __ _ _(_)_ __  __ _ \ \ \ \
( ( )\___ | '_ | '_| | '_ \/ _` | \ \ \ \
 \\/  ___)| |_)| | | | | || (_| |  ) ) ) )
  '  |____| .__|_| |_|_| |_\__, | / / / /
 =========|_|==============|___/=/_/_/_/

 :: Spring Boot ::                (v3.4.2)

2025-06-21T20:22:12.148+02:00  INFO 909930 --- [ApiGatwayCompain] [           main] t.iit.ApiGatwayCompainApplicationTests   : Starting ApiGatwayCompainApplicationTests using Java 17.0.15 with PID 909930 (started by root in /opt/Gateway/Gatway)
2025-06-21T20:22:12.152+02:00  INFO 909930 --- [ApiGatwayCompain] [           main] t.iit.ApiGatwayCompainApplicationTests   : No active profile set, falling back to 1 default profile: "default"
2025-06-21T20:22:13.821+02:00 TRACE 909930 --- [ApiGatwayCompain] [           main] o.s.c.g.c.c.OnEnabledGlobalFilter        : Condition OnEnabledGlobalFilter on org.springframework.cloud.gateway.config.GatewayReactiveLoadBalancerClientAutoConfiguration#gatewayLoadBalancerClientFilter matched
2025-06-21T20:22:13.829+02:00 TRACE 909930 --- [ApiGatwayCompain] [           main] o.s.c.g.c.c.OnEnabledGlobalFilter        : Condition OnEnabledGlobalFilter on org.springframework.cloud.gateway.config.GatewayReactiveLoadBalancerClientAutoConfiguration#loadBalancerServiceInstanceCookieFilter matched
2025-06-21T20:22:13.838+02:00 TRACE 909930 --- [ApiGatwayCompain] [           main] o.s.c.g.c.conditional.OnEnabledFilter    : Condition OnEnabledFilter on org.springframework.cloud.gateway.config.GatewayAutoConfiguration$TokenRelayConfiguration matched
2025-06-21T20:22:13.851+02:00 TRACE 909930 --- [ApiGatwayCompain] [           main] Configuration$OnVerboseDisabledCondition : Condition GatewayAutoConfiguration.OnVerboseDisabledCondition on org.springframework.cloud.gateway.config.GatewayAutoConfiguration$GatewayActuatorConfiguration#gatewayLegacyControllerEndpoint did not match due to NoneNestedConditions 1 matched 0 did not; NestedCondition on GatewayAutoConfiguration.OnVerboseDisabledCondition.VerboseDisabled @ConditionalOnProperty (spring.cloud.gateway.actuator.verbose.enabled) matched
2025-06-21T20:22:13.876+02:00 TRACE 909930 --- [ApiGatwayCompain] [           main] o.s.c.g.c.c.OnEnabledGlobalFilter        : Condition OnEnabledGlobalFilter on org.springframework.cloud.gateway.config.GatewayAutoConfiguration$NettyConfiguration#routingFilter matched
2025-06-21T20:22:13.877+02:00 TRACE 909930 --- [ApiGatwayCompain] [           main] o.s.c.g.c.c.OnEnabledGlobalFilter        : Condition OnEnabledGlobalFilter on org.springframework.cloud.gateway.config.GatewayAutoConfiguration$NettyConfiguration#nettyWriteResponseFilter matched
2025-06-21T20:22:13.879+02:00 TRACE 909930 --- [ApiGatwayCompain] [           main] o.s.c.g.c.c.OnEnabledGlobalFilter        : Condition OnEnabledGlobalFilter on org.springframework.cloud.gateway.config.GatewayAutoConfiguration$NettyConfiguration#reactorNettyWebSocketClient matched
2025-06-21T20:22:13.880+02:00 TRACE 909930 --- [ApiGatwayCompain] [           main] o.s.c.g.c.c.OnEnabledGlobalFilter        : Condition OnEnabledGlobalFilter on org.springframework.cloud.gateway.config.GatewayAutoConfiguration$NettyConfiguration#reactorNettyRequestUpgradeStrategy matched
2025-06-21T20:22:13.939+02:00 TRACE 909930 --- [ApiGatwayCompain] [           main] o.s.c.g.c.c.OnEnabledGlobalFilter        : Condition OnEnabledGlobalFilter on org.springframework.cloud.gateway.config.GatewayAutoConfiguration#adaptCachedBodyGlobalFilter matched
2025-06-21T20:22:13.940+02:00 TRACE 909930 --- [ApiGatwayCompain] [           main] o.s.c.g.c.c.OnEnabledGlobalFilter        : Condition OnEnabledGlobalFilter on org.springframework.cloud.gateway.config.GatewayAutoConfiguration#removeCachedBodyFilter matched
2025-06-21T20:22:13.940+02:00 TRACE 909930 --- [ApiGatwayCompain] [           main] o.s.c.g.c.c.OnEnabledGlobalFilter        : Condition OnEnabledGlobalFilter on org.springframework.cloud.gateway.config.GatewayAutoConfiguration#routeToRequestUrlFilter matched
2025-06-21T20:22:13.941+02:00 TRACE 909930 --- [ApiGatwayCompain] [           main] o.s.c.g.c.c.OnEnabledGlobalFilter        : Condition OnEnabledGlobalFilter on org.springframework.cloud.gateway.config.GatewayAutoConfiguration#forwardRoutingFilter matched
2025-06-21T20:22:13.942+02:00 TRACE 909930 --- [ApiGatwayCompain] [           main] o.s.c.g.c.c.OnEnabledGlobalFilter        : Condition OnEnabledGlobalFilter on org.springframework.cloud.gateway.config.GatewayAutoConfiguration#forwardPathFilter matched
2025-06-21T20:22:13.942+02:00 TRACE 909930 --- [ApiGatwayCompain] [           main] o.s.c.g.c.c.OnEnabledGlobalFilter        : Condition OnEnabledGlobalFilter on org.springframework.cloud.gateway.config.GatewayAutoConfiguration#webSocketService matched
2025-06-21T20:22:13.943+02:00 TRACE 909930 --- [ApiGatwayCompain] [           main] o.s.c.g.c.c.OnEnabledGlobalFilter        : Condition OnEnabledGlobalFilter on org.springframework.cloud.gateway.config.GatewayAutoConfiguration#websocketRoutingFilter matched
2025-06-21T20:22:13.944+02:00 TRACE 909930 --- [ApiGatwayCompain] [           main] o.s.c.g.c.c.OnEnabledPredicate           : Condition OnEnabledPredicate on org.springframework.cloud.gateway.config.GatewayAutoConfiguration#weightCalculatorWebFilter matched
2025-06-21T20:22:13.945+02:00 TRACE 909930 --- [ApiGatwayCompain] [           main] o.s.c.g.c.c.OnEnabledPredicate           : Condition OnEnabledPredicate on org.springframework.cloud.gateway.config.GatewayAutoConfiguration#afterRoutePredicateFactory matched
2025-06-21T20:22:13.946+02:00 TRACE 909930 --- [ApiGatwayCompain] [           main] o.s.c.g.c.c.OnEnabledPredicate           : Condition OnEnabledPredicate on org.springframework.cloud.gateway.config.GatewayAutoConfiguration#beforeRoutePredicateFactory matched
2025-06-21T20:22:13.947+02:00 TRACE 909930 --- [ApiGatwayCompain] [           main] o.s.c.g.c.c.OnEnabledPredicate           : Condition OnEnabledPredicate on org.springframework.cloud.gateway.config.GatewayAutoConfiguration#betweenRoutePredicateFactory matched
2025-06-21T20:22:13.947+02:00 TRACE 909930 --- [ApiGatwayCompain] [           main] o.s.c.g.c.c.OnEnabledPredicate           : Condition OnEnabledPredicate on org.springframework.cloud.gateway.config.GatewayAutoConfiguration#cookieRoutePredicateFactory matched
2025-06-21T20:22:13.948+02:00 TRACE 909930 --- [ApiGatwayCompain] [           main] o.s.c.g.c.c.OnEnabledPredicate           : Condition OnEnabledPredicate on org.springframework.cloud.gateway.config.GatewayAutoConfiguration#headerRoutePredicateFactory matched
2025-06-21T20:22:13.948+02:00 TRACE 909930 --- [ApiGatwayCompain] [           main] o.s.c.g.c.c.OnEnabledPredicate           : Condition OnEnabledPredicate on org.springframework.cloud.gateway.config.GatewayAutoConfiguration#hostRoutePredicateFactory matched
2025-06-21T20:22:13.949+02:00 TRACE 909930 --- [ApiGatwayCompain] [           main] o.s.c.g.c.c.OnEnabledPredicate           : Condition OnEnabledPredicate on org.springframework.cloud.gateway.config.GatewayAutoConfiguration#methodRoutePredicateFactory matched
2025-06-21T20:22:13.950+02:00 TRACE 909930 --- [ApiGatwayCompain] [           main] o.s.c.g.c.c.OnEnabledPredicate           : Condition OnEnabledPredicate on org.springframework.cloud.gateway.config.GatewayAutoConfiguration#pathRoutePredicateFactory matched
2025-06-21T20:22:13.951+02:00 TRACE 909930 --- [ApiGatwayCompain] [           main] o.s.c.g.c.c.OnEnabledPredicate           : Condition OnEnabledPredicate on org.springframework.cloud.gateway.config.GatewayAutoConfiguration#queryRoutePredicateFactory matched
2025-06-21T20:22:13.951+02:00 TRACE 909930 --- [ApiGatwayCompain] [           main] o.s.c.g.c.c.OnEnabledPredicate           : Condition OnEnabledPredicate on org.springframework.cloud.gateway.config.GatewayAutoConfiguration#readBodyPredicateFactory matched
2025-06-21T20:22:13.952+02:00 TRACE 909930 --- [ApiGatwayCompain] [           main] o.s.c.g.c.c.OnEnabledPredicate           : Condition OnEnabledPredicate on org.springframework.cloud.gateway.config.GatewayAutoConfiguration#remoteAddrRoutePredicateFactory matched
2025-06-21T20:22:13.953+02:00 TRACE 909930 --- [ApiGatwayCompain] [           main] o.s.c.g.c.c.OnEnabledPredicate           : Condition OnEnabledPredicate on org.springframework.cloud.gateway.config.GatewayAutoConfiguration#xForwardedRemoteAddrRoutePredicateFactory matched
2025-06-21T20:22:13.953+02:00 TRACE 909930 --- [ApiGatwayCompain] [           main] o.s.c.g.c.c.OnEnabledPredicate           : Condition OnEnabledPredicate on org.springframework.cloud.gateway.config.GatewayAutoConfiguration#weightRoutePredicateFactory matched
2025-06-21T20:22:13.954+02:00 TRACE 909930 --- [ApiGatwayCompain] [           main] o.s.c.g.c.c.OnEnabledPredicate           : Condition OnEnabledPredicate on org.springframework.cloud.gateway.config.GatewayAutoConfiguration#cloudFoundryRouteServiceRoutePredicateFactory matched
2025-06-21T20:22:13.955+02:00 TRACE 909930 --- [ApiGatwayCompain] [           main] o.s.c.g.c.conditional.OnEnabledFilter    : Condition OnEnabledFilter on org.springframework.cloud.gateway.config.GatewayAutoConfiguration#addRequestHeaderGatewayFilterFactory matched
2025-06-21T20:22:13.956+02:00 TRACE 909930 --- [ApiGatwayCompain] [           main] o.s.c.g.c.conditional.OnEnabledFilter    : Condition OnEnabledFilter on org.springframework.cloud.gateway.config.GatewayAutoConfiguration#addRequestHeadersIfNotPresentGatewayFilterFactory matched
2025-06-21T20:22:13.957+02:00 TRACE 909930 --- [ApiGatwayCompain] [           main] o.s.c.g.c.conditional.OnEnabledFilter    : Condition OnEnabledFilter on org.springframework.cloud.gateway.config.GatewayAutoConfiguration#mapRequestHeaderGatewayFilterFactory matched
2025-06-21T20:22:13.957+02:00 TRACE 909930 --- [ApiGatwayCompain] [           main] o.s.c.g.c.conditional.OnEnabledFilter    : Condition OnEnabledFilter on org.springframework.cloud.gateway.config.GatewayAutoConfiguration#addRequestParameterGatewayFilterFactory matched
2025-06-21T20:22:13.958+02:00 TRACE 909930 --- [ApiGatwayCompain] [           main] o.s.c.g.c.conditional.OnEnabledFilter    : Condition OnEnabledFilter on org.springframework.cloud.gateway.config.GatewayAutoConfiguration#addResponseHeaderGatewayFilterFactory matched
2025-06-21T20:22:13.959+02:00 TRACE 909930 --- [ApiGatwayCompain] [           main] o.s.c.g.c.conditional.OnEnabledFilter    : Condition OnEnabledFilter on org.springframework.cloud.gateway.config.GatewayAutoConfiguration#modifyRequestBodyGatewayFilterFactory matched
2025-06-21T20:22:13.960+02:00 TRACE 909930 --- [ApiGatwayCompain] [           main] o.s.c.g.c.conditional.OnEnabledFilter    : Condition OnEnabledFilter on org.springframework.cloud.gateway.config.GatewayAutoConfiguration#dedupeResponseHeaderGatewayFilterFactory matched
2025-06-21T20:22:13.961+02:00 TRACE 909930 --- [ApiGatwayCompain] [           main] o.s.c.g.c.conditional.OnEnabledFilter    : Condition OnEnabledFilter on org.springframework.cloud.gateway.config.GatewayAutoConfiguration#modifyResponseBodyGatewayFilterFactory matched
2025-06-21T20:22:13.962+02:00 TRACE 909930 --- [ApiGatwayCompain] [           main] o.s.c.g.c.conditional.OnEnabledFilter    : Condition OnEnabledFilter on org.springframework.cloud.gateway.config.GatewayAutoConfiguration#cacheRequestBodyGatewayFilterFactory matched
2025-06-21T20:22:13.962+02:00 TRACE 909930 --- [ApiGatwayCompain] [           main] o.s.c.g.c.conditional.OnEnabledFilter    : Condition OnEnabledFilter on org.springframework.cloud.gateway.config.GatewayAutoConfiguration#prefixPathGatewayFilterFactory matched
2025-06-21T20:22:13.963+02:00 TRACE 909930 --- [ApiGatwayCompain] [           main] o.s.c.g.c.conditional.OnEnabledFilter    : Condition OnEnabledFilter on org.springframework.cloud.gateway.config.GatewayAutoConfiguration#preserveHostHeaderGatewayFilterFactory matched
2025-06-21T20:22:13.964+02:00 TRACE 909930 --- [ApiGatwayCompain] [           main] o.s.c.g.c.conditional.OnEnabledFilter    : Condition OnEnabledFilter on org.springframework.cloud.gateway.config.GatewayAutoConfiguration#redirectToGatewayFilterFactory matched
2025-06-21T20:22:13.965+02:00 TRACE 909930 --- [ApiGatwayCompain] [           main] o.s.c.g.c.conditional.OnEnabledFilter    : Condition OnEnabledFilter on org.springframework.cloud.gateway.config.GatewayAutoConfiguration#removeJsonAttributesResponseBodyGatewayFilterFactory matched
2025-06-21T20:22:13.965+02:00 TRACE 909930 --- [ApiGatwayCompain] [           main] o.s.c.g.c.conditional.OnEnabledFilter    : Condition OnEnabledFilter on org.springframework.cloud.gateway.config.GatewayAutoConfiguration#removeRequestHeaderGatewayFilterFactory matched
2025-06-21T20:22:13.966+02:00 TRACE 909930 --- [ApiGatwayCompain] [           main] o.s.c.g.c.conditional.OnEnabledFilter    : Condition OnEnabledFilter on org.springframework.cloud.gateway.config.GatewayAutoConfiguration#removeRequestParameterGatewayFilterFactory matched
2025-06-21T20:22:13.967+02:00 TRACE 909930 --- [ApiGatwayCompain] [           main] o.s.c.g.c.conditional.OnEnabledFilter    : Condition OnEnabledFilter on org.springframework.cloud.gateway.config.GatewayAutoConfiguration#removeResponseHeaderGatewayFilterFactory matched
2025-06-21T20:22:13.988+02:00 TRACE 909930 --- [ApiGatwayCompain] [           main] o.s.c.g.c.conditional.OnEnabledFilter    : Condition OnEnabledFilter on org.springframework.cloud.gateway.config.GatewayAutoConfiguration#rewritePathGatewayFilterFactory matched
2025-06-21T20:22:13.989+02:00 TRACE 909930 --- [ApiGatwayCompain] [           main] o.s.c.g.c.conditional.OnEnabledFilter    : Condition OnEnabledFilter on org.springframework.cloud.gateway.config.GatewayAutoConfiguration#retryGatewayFilterFactory matched
2025-06-21T20:22:13.990+02:00 TRACE 909930 --- [ApiGatwayCompain] [           main] o.s.c.g.c.conditional.OnEnabledFilter    : Condition OnEnabledFilter on org.springframework.cloud.gateway.config.GatewayAutoConfiguration#setPathGatewayFilterFactory matched
2025-06-21T20:22:13.991+02:00 TRACE 909930 --- [ApiGatwayCompain] [           main] o.s.c.g.c.conditional.OnEnabledFilter    : Condition OnEnabledFilter on org.springframework.cloud.gateway.config.GatewayAutoConfiguration#secureHeadersGatewayFilterFactory matched
2025-06-21T20:22:13.992+02:00 TRACE 909930 --- [ApiGatwayCompain] [           main] o.s.c.g.c.conditional.OnEnabledFilter    : Condition OnEnabledFilter on org.springframework.cloud.gateway.config.GatewayAutoConfiguration#setRequestHeaderGatewayFilterFactory matched
2025-06-21T20:22:13.992+02:00 TRACE 909930 --- [ApiGatwayCompain] [           main] o.s.c.g.c.conditional.OnEnabledFilter    : Condition OnEnabledFilter on org.springframework.cloud.gateway.config.GatewayAutoConfiguration#setRequestHostHeaderGatewayFilterFactory matched
2025-06-21T20:22:13.993+02:00 TRACE 909930 --- [ApiGatwayCompain] [           main] o.s.c.g.c.conditional.OnEnabledFilter    : Condition OnEnabledFilter on org.springframework.cloud.gateway.config.GatewayAutoConfiguration#setResponseHeaderGatewayFilterFactory matched
2025-06-21T20:22:13.994+02:00 TRACE 909930 --- [ApiGatwayCompain] [           main] o.s.c.g.c.conditional.OnEnabledFilter    : Condition OnEnabledFilter on org.springframework.cloud.gateway.config.GatewayAutoConfiguration#rewriteResponseHeaderGatewayFilterFactory matched
2025-06-21T20:22:13.994+02:00 TRACE 909930 --- [ApiGatwayCompain] [           main] o.s.c.g.c.conditional.OnEnabledFilter    : Condition OnEnabledFilter on org.springframework.cloud.gateway.config.GatewayAutoConfiguration#rewriteLocationResponseHeaderGatewayFilterFactory matched
2025-06-21T20:22:13.995+02:00 TRACE 909930 --- [ApiGatwayCompain] [           main] o.s.c.g.c.conditional.OnEnabledFilter    : Condition OnEnabledFilter on org.springframework.cloud.gateway.config.GatewayAutoConfiguration#setStatusGatewayFilterFactory matched
2025-06-21T20:22:13.996+02:00 TRACE 909930 --- [ApiGatwayCompain] [           main] o.s.c.g.c.conditional.OnEnabledFilter    : Condition OnEnabledFilter on org.springframework.cloud.gateway.config.GatewayAutoConfiguration#saveSessionGatewayFilterFactory matched
2025-06-21T20:22:13.997+02:00 TRACE 909930 --- [ApiGatwayCompain] [           main] o.s.c.g.c.conditional.OnEnabledFilter    : Condition OnEnabledFilter on org.springframework.cloud.gateway.config.GatewayAutoConfiguration#stripPrefixGatewayFilterFactory matched
2025-06-21T20:22:13.997+02:00 TRACE 909930 --- [ApiGatwayCompain] [           main] o.s.c.g.c.conditional.OnEnabledFilter    : Condition OnEnabledFilter on org.springframework.cloud.gateway.config.GatewayAutoConfiguration#requestHeaderToRequestUriGatewayFilterFactory matched
2025-06-21T20:22:13.998+02:00 TRACE 909930 --- [ApiGatwayCompain] [           main] o.s.c.g.c.conditional.OnEnabledFilter    : Condition OnEnabledFilter on org.springframework.cloud.gateway.config.GatewayAutoConfiguration#requestSizeGatewayFilterFactory matched
2025-06-21T20:22:13.999+02:00 TRACE 909930 --- [ApiGatwayCompain] [           main] o.s.c.g.c.conditional.OnEnabledFilter    : Condition OnEnabledFilter on org.springframework.cloud.gateway.config.GatewayAutoConfiguration#requestHeaderSizeGatewayFilterFactory matched
2025-06-21T20:22:14.000+02:00 TRACE 909930 --- [ApiGatwayCompain] [           main] o.s.c.g.c.conditional.OnEnabledFilter    : Condition OnEnabledFilter on org.springframework.cloud.gateway.config.GatewayAutoConfiguration#rewriteRequestParameterGatewayFilterFactory matched
2025-06-21T20:22:15.182+02:00  INFO 909930 --- [ApiGatwayCompain] [           main] o.s.cloud.context.scope.GenericScope     : BeanFactory id=c11a37e2-717e-3869-8145-895be9677907
2025-06-21T20:22:17.319+02:00 DEBUG 909930 --- [ApiGatwayCompain] [           main] o.s.c.gateway.config.GatewayProperties   : Routes supplied from Gateway Properties: [RouteDefinition{id='projetcompain', predicates=[PredicateDefinition{name='Path', args={_genkey_0=/projetcompain/**}}], filters=[FilterDefinition{name='StripPrefix', args={_genkey_0=1}}, FilterDefinition{name='TokenRelay', args={}}], uri=lb://PROJETCOMPAIN, order=0, metadata={}, enabled=true}, RouteDefinition{id='facturation', predicates=[PredicateDefinition{name='Path', args={_genkey_0=/facturation/**}}], filters=[FilterDefinition{name='StripPrefix', args={_genkey_0=1}}, FilterDefinition{name='TokenRelay', args={}}], uri=lb://FACTURATION, order=0, metadata={}, enabled=true}, RouteDefinition{id='banqueservice', predicates=[PredicateDefinition{name='Path', args={_genkey_0=/banqueservice/**}}], filters=[FilterDefinition{name='StripPrefix', args={_genkey_0=1}}, FilterDefinition{name='TokenRelay', args={}}], uri=lb://BANQUESERVICE, order=0, metadata={}, enabled=true}, RouteDefinition{id='depense', predicates=[PredicateDefinition{name='Path', args={_genkey_0=/depense/**}}], filters=[FilterDefinition{name='StripPrefix', args={_genkey_0=1}}, FilterDefinition{name='TokenRelay', args={}}], uri=lb://DEPENSE, order=0, metadata={}, enabled=true}, RouteDefinition{id='documents', predicates=[PredicateDefinition{name='Path', args={_genkey_0=/documents/**}}], filters=[FilterDefinition{name='StripPrefix', args={_genkey_0=1}}, FilterDefinition{name='TokenRelay', args={}}], uri=lb://DOCUMENTS, order=0, metadata={}, enabled=true}, RouteDefinition{id='reglementaffectation', predicates=[PredicateDefinition{name='Path', args={_genkey_0=/reglementaffectation/**}}], filters=[FilterDefinition{name='StripPrefix', args={_genkey_0=1}}, FilterDefinition{name='TokenRelay', args={}}], uri=lb://REGLEMENTAFFECTATION, order=0, metadata={}, enabled=true}, RouteDefinition{id='swagger-projetcompain', predicates=[PredicateDefinition{name='Path', args={_genkey_0=/projetcompain/v3/api-docs}}], filters=[FilterDefinition{name='RewritePath', args={_genkey_0=/projetcompain/(?<segment>.*), _genkey_1=/${segment}}}], uri=lb://PROJETCOMPAIN, order=0, metadata={}, enabled=true}, RouteDefinition{id='swagger-facturation', predicates=[PredicateDefinition{name='Path', args={_genkey_0=/facturation/v3/api-docs}}], filters=[FilterDefinition{name='RewritePath', args={_genkey_0=/facturation/(?<segment>.*), _genkey_1=/${segment}}}], uri=lb://FACTURATION, order=0, metadata={}, enabled=true}, RouteDefinition{id='swagger-ui', predicates=[PredicateDefinition{name='Path', args={_genkey_0=/swagger-ui/**}}], filters=[FilterDefinition{name='RewritePath', args={_genkey_0=/swagger-ui/(?<segment>.*), _genkey_1=/${segment}}}, FilterDefinition{name='TokenRelay', args={}}], uri=https://m1.systeo.tn, order=0, metadata={}, enabled=true}, RouteDefinition{id='swagger-oauth-redirect', predicates=[PredicateDefinition{name='Path', args={_genkey_0=/swagger-ui/oauth2-redirect.html}}], filters=[FilterDefinition{name='RewritePath', args={_genkey_0=/swagger-ui/oauth2-redirect.html, _genkey_1=/oauth2-redirect.html}}], uri=lb://ApiGatwayCompain, order=0, metadata={}, enabled=true}]
2025-06-21T20:22:17.641+02:00  INFO 909930 --- [ApiGatwayCompain] [           main] o.s.c.g.r.RouteDefinitionRouteLocator    : Loaded RoutePredicateFactory [After]
2025-06-21T20:22:17.641+02:00  INFO 909930 --- [ApiGatwayCompain] [           main] o.s.c.g.r.RouteDefinitionRouteLocator    : Loaded RoutePredicateFactory [Before]
2025-06-21T20:22:17.641+02:00  INFO 909930 --- [ApiGatwayCompain] [           main] o.s.c.g.r.RouteDefinitionRouteLocator    : Loaded RoutePredicateFactory [Between]
2025-06-21T20:22:17.642+02:00  INFO 909930 --- [ApiGatwayCompain] [           main] o.s.c.g.r.RouteDefinitionRouteLocator    : Loaded RoutePredicateFactory [Cookie]
2025-06-21T20:22:17.642+02:00  INFO 909930 --- [ApiGatwayCompain] [           main] o.s.c.g.r.RouteDefinitionRouteLocator    : Loaded RoutePredicateFactory [Header]
2025-06-21T20:22:17.642+02:00  INFO 909930 --- [ApiGatwayCompain] [           main] o.s.c.g.r.RouteDefinitionRouteLocator    : Loaded RoutePredicateFactory [Host]
2025-06-21T20:22:17.643+02:00  INFO 909930 --- [ApiGatwayCompain] [           main] o.s.c.g.r.RouteDefinitionRouteLocator    : Loaded RoutePredicateFactory [Method]
2025-06-21T20:22:17.643+02:00  INFO 909930 --- [ApiGatwayCompain] [           main] o.s.c.g.r.RouteDefinitionRouteLocator    : Loaded RoutePredicateFactory [Path]
2025-06-21T20:22:17.643+02:00  INFO 909930 --- [ApiGatwayCompain] [           main] o.s.c.g.r.RouteDefinitionRouteLocator    : Loaded RoutePredicateFactory [Query]
2025-06-21T20:22:17.643+02:00  INFO 909930 --- [ApiGatwayCompain] [           main] o.s.c.g.r.RouteDefinitionRouteLocator    : Loaded RoutePredicateFactory [ReadBody]
2025-06-21T20:22:17.644+02:00  INFO 909930 --- [ApiGatwayCompain] [           main] o.s.c.g.r.RouteDefinitionRouteLocator    : Loaded RoutePredicateFactory [RemoteAddr]
2025-06-21T20:22:17.644+02:00  INFO 909930 --- [ApiGatwayCompain] [           main] o.s.c.g.r.RouteDefinitionRouteLocator    : Loaded RoutePredicateFactory [XForwardedRemoteAddr]
2025-06-21T20:22:17.644+02:00  INFO 909930 --- [ApiGatwayCompain] [           main] o.s.c.g.r.RouteDefinitionRouteLocator    : Loaded RoutePredicateFactory [Weight]
2025-06-21T20:22:17.644+02:00  INFO 909930 --- [ApiGatwayCompain] [           main] o.s.c.g.r.RouteDefinitionRouteLocator    : Loaded RoutePredicateFactory [CloudFoundryRouteService]
2025-06-21T20:22:17.938+02:00 DEBUG 909930 --- [ApiGatwayCompain] [           main] s.w.r.r.m.a.RequestMappingHandlerMapping : 4 mappings in 'requestMappingHandlerMapping'
2025-06-21T20:22:17.962+02:00 DEBUG 909930 --- [ApiGatwayCompain] [           main] o.s.w.r.handler.SimpleUrlHandlerMapping  : Patterns [/webjars/**, /**] in 'resourceHandlerMapping'
2025-06-21T20:22:18.279+02:00  INFO 909930 --- [ApiGatwayCompain] [           main] o.s.b.a.e.web.EndpointLinksResolver      : Exposing 1 endpoint beneath base path '/actuator'
2025-06-21T20:22:18.421+02:00 DEBUG 909930 --- [ApiGatwayCompain] [           main] o.s.w.r.r.m.a.ControllerMethodResolver   : ControllerAdvice beans: 0 @ModelAttribute, 0 @InitBinder, 1 @ExceptionHandler
2025-06-21T20:22:18.751+02:00 DEBUG 909930 --- [ApiGatwayCompain] [           main] o.s.w.s.adapter.HttpWebHandlerAdapter    : enableLoggingRequestDetails='false': form data and headers will be masked to prevent unsafe logging of potentially sensitive data
2025-06-21T20:22:19.193+02:00  INFO 909930 --- [ApiGatwayCompain] [           main] DiscoveryClientOptionalArgsConfiguration : Eureka HTTP Client uses RestTemplate.
2025-06-21T20:22:19.264+02:00  WARN 909930 --- [ApiGatwayCompain] [           main] iguration$LoadBalancerCaffeineWarnLogger : Spring Cloud LoadBalancer is currently working with the default cache. While this cache implementation is useful for development and tests, it's recommended to use Caffeine cache in production.You can switch to using Caffeine cache, by adding it and org.springframework.cache.caffeine.CaffeineCacheManager to the classpath.
2025-06-21T20:22:19.398+02:00  INFO 909930 --- [ApiGatwayCompain] [           main] o.s.c.n.eureka.InstanceInfoFactory       : Setting initial instance status as: STARTING
2025-06-21T20:22:19.446+02:00  INFO 909930 --- [ApiGatwayCompain] [           main] com.netflix.discovery.DiscoveryClient    : Initializing Eureka in region us-east-1
2025-06-21T20:22:19.455+02:00  INFO 909930 --- [ApiGatwayCompain] [           main] c.n.d.s.r.aws.ConfigClusterResolver      : Resolving eureka endpoints via configuration
2025-06-21T20:22:19.473+02:00  INFO 909930 --- [ApiGatwayCompain] [           main] com.netflix.discovery.DiscoveryClient    : Disable delta property : false
2025-06-21T20:22:19.474+02:00  INFO 909930 --- [ApiGatwayCompain] [           main] com.netflix.discovery.DiscoveryClient    : Single vip registry refresh property : null
2025-06-21T20:22:19.474+02:00  INFO 909930 --- [ApiGatwayCompain] [           main] com.netflix.discovery.DiscoveryClient    : Force full registry fetch : false
2025-06-21T20:22:19.475+02:00  INFO 909930 --- [ApiGatwayCompain] [           main] com.netflix.discovery.DiscoveryClient    : Application is null : false
2025-06-21T20:22:19.475+02:00  INFO 909930 --- [ApiGatwayCompain] [           main] com.netflix.discovery.DiscoveryClient    : Registered Applications size is zero : true
2025-06-21T20:22:19.475+02:00  INFO 909930 --- [ApiGatwayCompain] [           main] com.netflix.discovery.DiscoveryClient    : Application version is -1: true
2025-06-21T20:22:19.476+02:00  INFO 909930 --- [ApiGatwayCompain] [           main] com.netflix.discovery.DiscoveryClient    : Getting all instance registry info from the eureka server
2025-06-21T20:22:19.888+02:00 DEBUG 909930 --- [ApiGatwayCompain] [           main] o.s.web.client.RestTemplate              : HTTP GET https://eureka.systeo.tn/eureka/apps/
2025-06-21T20:22:20.126+02:00 DEBUG 909930 --- [ApiGatwayCompain] [           main] o.s.web.client.RestTemplate              : Accept=[application/json, application/yaml, application/*+json]
2025-06-21T20:22:20.558+02:00 DEBUG 909930 --- [ApiGatwayCompain] [           main] o.s.web.client.RestTemplate              : Response 200 OK
2025-06-21T20:22:20.563+02:00 DEBUG 909930 --- [ApiGatwayCompain] [           main] o.s.web.client.RestTemplate              : Reading to [org.springframework.cloud.netflix.eureka.http.EurekaApplications]
2025-06-21T20:22:20.628+02:00  INFO 909930 --- [ApiGatwayCompain] [           main] com.netflix.discovery.DiscoveryClient    : The response status is 200
2025-06-21T20:22:20.633+02:00  INFO 909930 --- [ApiGatwayCompain] [           main] com.netflix.discovery.DiscoveryClient    : Starting heartbeat executor: renew interval is: 30
2025-06-21T20:22:20.636+02:00  INFO 909930 --- [ApiGatwayCompain] [           main] c.n.discovery.InstanceInfoReplicator     : InstanceInfoReplicator onDemand update allowed rate per min is 4
2025-06-21T20:22:20.640+02:00  INFO 909930 --- [ApiGatwayCompain] [           main] com.netflix.discovery.DiscoveryClient    : Discovery Client initialized at timestamp 1750530140638 with initial instances count: 9
2025-06-21T20:22:20.648+02:00  INFO 909930 --- [ApiGatwayCompain] [           main] o.s.c.n.e.s.EurekaServiceRegistry        : Registering application APIGATWAYCOMPAIN with eureka with status UP
2025-06-21T20:22:20.650+02:00  INFO 909930 --- [ApiGatwayCompain] [           main] com.netflix.discovery.DiscoveryClient    : Saw local status change event StatusChangeEvent [timestamp=1750530140649, current=UP, previous=STARTING]
2025-06-21T20:22:20.665+02:00  INFO 909930 --- [ApiGatwayCompain] [foReplicator-%d] com.netflix.discovery.DiscoveryClient    : DiscoveryClient_APIGATWAYCOMPAIN/vmi2442559.contaboserver.net:ApiGatwayCompain:9090: registering service...
2025-06-21T20:22:20.691+02:00 DEBUG 909930 --- [ApiGatwayCompain] [foReplicator-%d] o.s.web.client.RestTemplate              : HTTP POST https://eureka.systeo.tn/eureka/apps/APIGATWAYCOMPAIN
2025-06-21T20:22:20.697+02:00 DEBUG 909930 --- [ApiGatwayCompain] [foReplicator-%d] o.s.web.client.RestTemplate              : Accept=[application/json, application/yaml, application/*+json]
2025-06-21T20:22:20.724+02:00 DEBUG 909930 --- [ApiGatwayCompain] [           main] o.s.c.g.r.RouteDefinitionRouteLocator    : RouteDefinition ReactiveCompositeDiscoveryClient_COMMERCIALSERVICE applying {pattern=/commercialservice/**} to Path
2025-06-21T20:22:20.737+02:00 DEBUG 909930 --- [ApiGatwayCompain] [foReplicator-%d] o.s.web.client.RestTemplate              : Writing [InstanceInfo [instanceId = vmi2442559.contaboserver.net:ApiGatwayCompain:9090, appName = APIGATWAYCOMPAIN, hostName = vmi2442559.contaboserver.net, status = UP, ipAddr = 161.97.88.195, port = 9090, securePort = 443, dataCenterInfo = com.netflix.appinfo.MyDataCenterInfo@2d198fa1] as "application/json"
2025-06-21T20:22:20.770+02:00 DEBUG 909930 --- [ApiGatwayCompain] [           main] o.s.c.g.r.RouteDefinitionRouteLocator    : RouteDefinition ReactiveCompositeDiscoveryClient_COMMERCIALSERVICE applying filter {_genkey_0=X-Forwarded-Proto, _genkey_1=https} to AddRequestHeader
2025-06-21T20:22:20.805+02:00 DEBUG 909930 --- [ApiGatwayCompain] [           main] o.s.c.g.r.RouteDefinitionRouteLocator    : RouteDefinition ReactiveCompositeDiscoveryClient_COMMERCIALSERVICE applying filter {regexp=/commercialservice/?(?<remaining>.*), replacement=/${remaining}} to RewritePath
2025-06-21T20:22:20.813+02:00 DEBUG 909930 --- [ApiGatwayCompain] [           main] o.s.c.g.r.RouteDefinitionRouteLocator    : RouteDefinition matched: ReactiveCompositeDiscoveryClient_COMMERCIALSERVICE
2025-06-21T20:22:20.815+02:00 DEBUG 909930 --- [ApiGatwayCompain] [           main] o.s.c.g.r.RouteDefinitionRouteLocator    : RouteDefinition ReactiveCompositeDiscoveryClient_EMAILSERVICE applying {pattern=/emailservice/**} to Path
2025-06-21T20:22:20.818+02:00 DEBUG 909930 --- [ApiGatwayCompain] [           main] o.s.c.g.r.RouteDefinitionRouteLocator    : RouteDefinition ReactiveCompositeDiscoveryClient_EMAILSERVICE applying filter {_genkey_0=X-Forwarded-Proto, _genkey_1=https} to AddRequestHeader
2025-06-21T20:22:20.821+02:00 DEBUG 909930 --- [ApiGatwayCompain] [           main] o.s.c.g.r.RouteDefinitionRouteLocator    : RouteDefinition ReactiveCompositeDiscoveryClient_EMAILSERVICE applying filter {regexp=/emailservice/?(?<remaining>.*), replacement=/${remaining}} to RewritePath
2025-06-21T20:22:20.823+02:00 DEBUG 909930 --- [ApiGatwayCompain] [           main] o.s.c.g.r.RouteDefinitionRouteLocator    : RouteDefinition matched: ReactiveCompositeDiscoveryClient_EMAILSERVICE
2025-06-21T20:22:20.825+02:00 DEBUG 909930 --- [ApiGatwayCompain] [           main] o.s.c.g.r.RouteDefinitionRouteLocator    : RouteDefinition ReactiveCompositeDiscoveryClient_PROJETCOMPAIN applying {pattern=/projetcompain/**} to Path
2025-06-21T20:22:20.827+02:00 DEBUG 909930 --- [ApiGatwayCompain] [           main] o.s.c.g.r.RouteDefinitionRouteLocator    : RouteDefinition ReactiveCompositeDiscoveryClient_PROJETCOMPAIN applying filter {_genkey_0=X-Forwarded-Proto, _genkey_1=https} to AddRequestHeader
2025-06-21T20:22:20.831+02:00 DEBUG 909930 --- [ApiGatwayCompain] [           main] o.s.c.g.r.RouteDefinitionRouteLocator    : RouteDefinition ReactiveCompositeDiscoveryClient_PROJETCOMPAIN applying filter {regexp=/projetcompain/?(?<remaining>.*), replacement=/${remaining}} to RewritePath
2025-06-21T20:22:20.834+02:00 DEBUG 909930 --- [ApiGatwayCompain] [           main] o.s.c.g.r.RouteDefinitionRouteLocator    : RouteDefinition matched: ReactiveCompositeDiscoveryClient_PROJETCOMPAIN
2025-06-21T20:22:20.836+02:00 DEBUG 909930 --- [ApiGatwayCompain] [           main] o.s.c.g.r.RouteDefinitionRouteLocator    : RouteDefinition ReactiveCompositeDiscoveryClient_NOTIFICATIONSERVICE applying {pattern=/notificationservice/**} to Path
2025-06-21T20:22:20.839+02:00 DEBUG 909930 --- [ApiGatwayCompain] [           main] o.s.c.g.r.RouteDefinitionRouteLocator    : RouteDefinition ReactiveCompositeDiscoveryClient_NOTIFICATIONSERVICE applying filter {_genkey_0=X-Forwarded-Proto, _genkey_1=https} to AddRequestHeader
2025-06-21T20:22:20.841+02:00 DEBUG 909930 --- [ApiGatwayCompain] [           main] o.s.c.g.r.RouteDefinitionRouteLocator    : RouteDefinition ReactiveCompositeDiscoveryClient_NOTIFICATIONSERVICE applying filter {regexp=/notificationservice/?(?<remaining>.*), replacement=/${remaining}} to RewritePath
2025-06-21T20:22:20.847+02:00 DEBUG 909930 --- [ApiGatwayCompain] [           main] o.s.c.g.r.RouteDefinitionRouteLocator    : RouteDefinition matched: ReactiveCompositeDiscoveryClient_NOTIFICATIONSERVICE
2025-06-21T20:22:20.849+02:00 DEBUG 909930 --- [ApiGatwayCompain] [           main] o.s.c.g.r.RouteDefinitionRouteLocator    : RouteDefinition ReactiveCompositeDiscoveryClient_APIGATWAY applying {pattern=/apigatway/**} to Path
2025-06-21T20:22:20.852+02:00 DEBUG 909930 --- [ApiGatwayCompain] [           main] o.s.c.g.r.RouteDefinitionRouteLocator    : RouteDefinition ReactiveCompositeDiscoveryClient_APIGATWAY applying filter {_genkey_0=X-Forwarded-Proto, _genkey_1=https} to AddRequestHeader
2025-06-21T20:22:20.854+02:00 DEBUG 909930 --- [ApiGatwayCompain] [           main] o.s.c.g.r.RouteDefinitionRouteLocator    : RouteDefinition ReactiveCompositeDiscoveryClient_APIGATWAY applying filter {regexp=/apigatway/?(?<remaining>.*), replacement=/${remaining}} to RewritePath
2025-06-21T20:22:20.855+02:00 DEBUG 909930 --- [ApiGatwayCompain] [           main] o.s.c.g.r.RouteDefinitionRouteLocator    : RouteDefinition matched: ReactiveCompositeDiscoveryClient_APIGATWAY
2025-06-21T20:22:20.856+02:00 DEBUG 909930 --- [ApiGatwayCompain] [           main] o.s.c.g.r.RouteDefinitionRouteLocator    : RouteDefinition ReactiveCompositeDiscoveryClient_PROJECTSERVICE applying {pattern=/projectservice/**} to Path
2025-06-21T20:22:20.858+02:00 DEBUG 909930 --- [ApiGatwayCompain] [           main] o.s.c.g.r.RouteDefinitionRouteLocator    : RouteDefinition ReactiveCompositeDiscoveryClient_PROJECTSERVICE applying filter {_genkey_0=X-Forwarded-Proto, _genkey_1=https} to AddRequestHeader
2025-06-21T20:22:20.860+02:00 DEBUG 909930 --- [ApiGatwayCompain] [           main] o.s.c.g.r.RouteDefinitionRouteLocator    : RouteDefinition ReactiveCompositeDiscoveryClient_PROJECTSERVICE applying filter {regexp=/projectservice/?(?<remaining>.*), replacement=/${remaining}} to RewritePath
2025-06-21T20:22:20.861+02:00 DEBUG 909930 --- [ApiGatwayCompain] [           main] o.s.c.g.r.RouteDefinitionRouteLocator    : RouteDefinition matched: ReactiveCompositeDiscoveryClient_PROJECTSERVICE
2025-06-21T20:22:20.862+02:00 DEBUG 909930 --- [ApiGatwayCompain] [           main] o.s.c.g.r.RouteDefinitionRouteLocator    : RouteDefinition ReactiveCompositeDiscoveryClient_PROJECTCOMPANY applying {pattern=/projectcompany/**} to Path
2025-06-21T20:22:20.864+02:00 DEBUG 909930 --- [ApiGatwayCompain] [           main] o.s.c.g.r.RouteDefinitionRouteLocator    : RouteDefinition ReactiveCompositeDiscoveryClient_PROJECTCOMPANY applying filter {_genkey_0=X-Forwarded-Proto, _genkey_1=https} to AddRequestHeader
2025-06-21T20:22:20.866+02:00 DEBUG 909930 --- [ApiGatwayCompain] [           main] o.s.c.g.r.RouteDefinitionRouteLocator    : RouteDefinition ReactiveCompositeDiscoveryClient_PROJECTCOMPANY applying filter {regexp=/projectcompany/?(?<remaining>.*), replacement=/${remaining}} to RewritePath
2025-06-21T20:22:20.867+02:00 DEBUG 909930 --- [ApiGatwayCompain] [           main] o.s.c.g.r.RouteDefinitionRouteLocator    : RouteDefinition matched: ReactiveCompositeDiscoveryClient_PROJECTCOMPANY
2025-06-21T20:22:20.869+02:00 DEBUG 909930 --- [ApiGatwayCompain] [           main] o.s.c.g.r.RouteDefinitionRouteLocator    : RouteDefinition ReactiveCompositeDiscoveryClient_DOCUMENTSERVICE applying {pattern=/documentservice/**} to Path
2025-06-21T20:22:20.870+02:00 DEBUG 909930 --- [ApiGatwayCompain] [           main] o.s.c.g.r.RouteDefinitionRouteLocator    : RouteDefinition ReactiveCompositeDiscoveryClient_DOCUMENTSERVICE applying filter {_genkey_0=X-Forwarded-Proto, _genkey_1=https} to AddRequestHeader
2025-06-21T20:22:20.871+02:00 DEBUG 909930 --- [ApiGatwayCompain] [           main] o.s.c.g.r.RouteDefinitionRouteLocator    : RouteDefinition ReactiveCompositeDiscoveryClient_DOCUMENTSERVICE applying filter {regexp=/documentservice/?(?<remaining>.*), replacement=/${remaining}} to RewritePath
2025-06-21T20:22:20.873+02:00 DEBUG 909930 --- [ApiGatwayCompain] [           main] o.s.c.g.r.RouteDefinitionRouteLocator    : RouteDefinition matched: ReactiveCompositeDiscoveryClient_DOCUMENTSERVICE
2025-06-21T20:22:20.874+02:00 DEBUG 909930 --- [ApiGatwayCompain] [           main] o.s.c.g.r.RouteDefinitionRouteLocator    : RouteDefinition ReactiveCompositeDiscoveryClient_ACTIVITYSERVICE applying {pattern=/activityservice/**} to Path
2025-06-21T20:22:20.876+02:00 DEBUG 909930 --- [ApiGatwayCompain] [           main] o.s.c.g.r.RouteDefinitionRouteLocator    : RouteDefinition ReactiveCompositeDiscoveryClient_ACTIVITYSERVICE applying filter {_genkey_0=X-Forwarded-Proto, _genkey_1=https} to AddRequestHeader
2025-06-21T20:22:20.877+02:00 DEBUG 909930 --- [ApiGatwayCompain] [           main] o.s.c.g.r.RouteDefinitionRouteLocator    : RouteDefinition ReactiveCompositeDiscoveryClient_ACTIVITYSERVICE applying filter {regexp=/activityservice/?(?<remaining>.*), replacement=/${remaining}} to RewritePath
2025-06-21T20:22:20.879+02:00 DEBUG 909930 --- [ApiGatwayCompain] [           main] o.s.c.g.r.RouteDefinitionRouteLocator    : RouteDefinition matched: ReactiveCompositeDiscoveryClient_ACTIVITYSERVICE
2025-06-21T20:22:20.882+02:00 DEBUG 909930 --- [ApiGatwayCompain] [           main] o.s.c.g.r.RouteDefinitionRouteLocator    : RouteDefinition projetcompain applying {_genkey_0=/projetcompain/**} to Path
2025-06-21T20:22:20.885+02:00 DEBUG 909930 --- [ApiGatwayCompain] [foReplicator-%d] o.s.web.client.RestTemplate              : Response 204 NO_CONTENT
2025-06-21T20:22:20.885+02:00  INFO 909930 --- [ApiGatwayCompain] [foReplicator-%d] com.netflix.discovery.DiscoveryClient    : DiscoveryClient_APIGATWAYCOMPAIN/vmi2442559.contaboserver.net:ApiGatwayCompain:9090 - registration status: 204
2025-06-21T20:22:20.886+02:00 DEBUG 909930 --- [ApiGatwayCompain] [           main] o.s.c.g.r.RouteDefinitionRouteLocator    : RouteDefinition projetcompain applying filter {_genkey_0=X-Forwarded-Proto, _genkey_1=https} to AddRequestHeader
2025-06-21T20:22:20.888+02:00 DEBUG 909930 --- [ApiGatwayCompain] [           main] o.s.c.g.r.RouteDefinitionRouteLocator    : RouteDefinition projetcompain applying filter {_genkey_0=1} to StripPrefix
2025-06-21T20:22:20.898+02:00 DEBUG 909930 --- [ApiGatwayCompain] [           main] o.s.c.g.r.RouteDefinitionRouteLocator    : RouteDefinition projetcompain applying filter {} to TokenRelay
2025-06-21T20:22:20.902+02:00 DEBUG 909930 --- [ApiGatwayCompain] [           main] o.s.c.g.r.RouteDefinitionRouteLocator    : RouteDefinition matched: projetcompain
2025-06-21T20:22:20.903+02:00 DEBUG 909930 --- [ApiGatwayCompain] [           main] o.s.c.g.r.RouteDefinitionRouteLocator    : RouteDefinition facturation applying {_genkey_0=/facturation/**} to Path
2025-06-21T20:22:20.905+02:00 DEBUG 909930 --- [ApiGatwayCompain] [           main] o.s.c.g.r.RouteDefinitionRouteLocator    : RouteDefinition facturation applying filter {_genkey_0=X-Forwarded-Proto, _genkey_1=https} to AddRequestHeader
2025-06-21T20:22:20.911+02:00 DEBUG 909930 --- [ApiGatwayCompain] [           main] o.s.c.g.r.RouteDefinitionRouteLocator    : RouteDefinition facturation applying filter {_genkey_0=1} to StripPrefix
2025-06-21T20:22:20.913+02:00 DEBUG 909930 --- [ApiGatwayCompain] [           main] o.s.c.g.r.RouteDefinitionRouteLocator    : RouteDefinition facturation applying filter {} to TokenRelay
2025-06-21T20:22:20.915+02:00 DEBUG 909930 --- [ApiGatwayCompain] [           main] o.s.c.g.r.RouteDefinitionRouteLocator    : RouteDefinition matched: facturation
2025-06-21T20:22:20.916+02:00 DEBUG 909930 --- [ApiGatwayCompain] [           main] o.s.c.g.r.RouteDefinitionRouteLocator    : RouteDefinition banqueservice applying {_genkey_0=/banqueservice/**} to Path
2025-06-21T20:22:20.918+02:00 DEBUG 909930 --- [ApiGatwayCompain] [           main] o.s.c.g.r.RouteDefinitionRouteLocator    : RouteDefinition banqueservice applying filter {_genkey_0=X-Forwarded-Proto, _genkey_1=https} to AddRequestHeader
2025-06-21T20:22:20.924+02:00 DEBUG 909930 --- [ApiGatwayCompain] [           main] o.s.c.g.r.RouteDefinitionRouteLocator    : RouteDefinition banqueservice applying filter {_genkey_0=1} to StripPrefix
2025-06-21T20:22:20.926+02:00 DEBUG 909930 --- [ApiGatwayCompain] [           main] o.s.c.g.r.RouteDefinitionRouteLocator    : RouteDefinition banqueservice applying filter {} to TokenRelay
2025-06-21T20:22:20.929+02:00 DEBUG 909930 --- [ApiGatwayCompain] [           main] o.s.c.g.r.RouteDefinitionRouteLocator    : RouteDefinition matched: banqueservice
2025-06-21T20:22:20.930+02:00 DEBUG 909930 --- [ApiGatwayCompain] [           main] o.s.c.g.r.RouteDefinitionRouteLocator    : RouteDefinition depense applying {_genkey_0=/depense/**} to Path
2025-06-21T20:22:20.933+02:00 DEBUG 909930 --- [ApiGatwayCompain] [           main] o.s.c.g.r.RouteDefinitionRouteLocator    : RouteDefinition depense applying filter {_genkey_0=X-Forwarded-Proto, _genkey_1=https} to AddRequestHeader
2025-06-21T20:22:20.935+02:00 DEBUG 909930 --- [ApiGatwayCompain] [           main] o.s.c.g.r.RouteDefinitionRouteLocator    : RouteDefinition depense applying filter {_genkey_0=1} to StripPrefix
2025-06-21T20:22:20.941+02:00 DEBUG 909930 --- [ApiGatwayCompain] [           main] o.s.c.g.r.RouteDefinitionRouteLocator    : RouteDefinition depense applying filter {} to TokenRelay
2025-06-21T20:22:20.944+02:00 DEBUG 909930 --- [ApiGatwayCompain] [           main] o.s.c.g.r.RouteDefinitionRouteLocator    : RouteDefinition matched: depense
2025-06-21T20:22:20.945+02:00 DEBUG 909930 --- [ApiGatwayCompain] [           main] o.s.c.g.r.RouteDefinitionRouteLocator    : RouteDefinition documents applying {_genkey_0=/documents/**} to Path
2025-06-21T20:22:20.949+02:00 DEBUG 909930 --- [ApiGatwayCompain] [           main] o.s.c.g.r.RouteDefinitionRouteLocator    : RouteDefinition documents applying filter {_genkey_0=X-Forwarded-Proto, _genkey_1=https} to AddRequestHeader
2025-06-21T20:22:20.953+02:00 DEBUG 909930 --- [ApiGatwayCompain] [           main] o.s.c.g.r.RouteDefinitionRouteLocator    : RouteDefinition documents applying filter {_genkey_0=1} to StripPrefix
2025-06-21T20:22:20.958+02:00 DEBUG 909930 --- [ApiGatwayCompain] [           main] o.s.c.g.r.RouteDefinitionRouteLocator    : RouteDefinition documents applying filter {} to TokenRelay
2025-06-21T20:22:20.961+02:00 DEBUG 909930 --- [ApiGatwayCompain] [           main] o.s.c.g.r.RouteDefinitionRouteLocator    : RouteDefinition matched: documents
2025-06-21T20:22:20.963+02:00 DEBUG 909930 --- [ApiGatwayCompain] [           main] o.s.c.g.r.RouteDefinitionRouteLocator    : RouteDefinition reglementaffectation applying {_genkey_0=/reglementaffectation/**} to Path
2025-06-21T20:22:20.965+02:00 DEBUG 909930 --- [ApiGatwayCompain] [           main] o.s.c.g.r.RouteDefinitionRouteLocator    : RouteDefinition reglementaffectation applying filter {_genkey_0=X-Forwarded-Proto, _genkey_1=https} to AddRequestHeader
2025-06-21T20:22:20.972+02:00 DEBUG 909930 --- [ApiGatwayCompain] [           main] o.s.c.g.r.RouteDefinitionRouteLocator    : RouteDefinition reglementaffectation applying filter {_genkey_0=1} to StripPrefix
2025-06-21T20:22:20.975+02:00 DEBUG 909930 --- [ApiGatwayCompain] [           main] o.s.c.g.r.RouteDefinitionRouteLocator    : RouteDefinition reglementaffectation applying filter {} to TokenRelay
2025-06-21T20:22:20.981+02:00 DEBUG 909930 --- [ApiGatwayCompain] [           main] o.s.c.g.r.RouteDefinitionRouteLocator    : RouteDefinition matched: reglementaffectation
2025-06-21T20:22:20.982+02:00 DEBUG 909930 --- [ApiGatwayCompain] [           main] o.s.c.g.r.RouteDefinitionRouteLocator    : RouteDefinition swagger-projetcompain applying {_genkey_0=/projetcompain/v3/api-docs} to Path
2025-06-21T20:22:21.019+02:00 DEBUG 909930 --- [ApiGatwayCompain] [           main] o.s.c.g.r.RouteDefinitionRouteLocator    : RouteDefinition swagger-projetcompain applying filter {_genkey_0=X-Forwarded-Proto, _genkey_1=https} to AddRequestHeader
2025-06-21T20:22:21.024+02:00 DEBUG 909930 --- [ApiGatwayCompain] [           main] o.s.c.g.r.RouteDefinitionRouteLocator    : RouteDefinition swagger-projetcompain applying filter {_genkey_0=/projetcompain/(?<segment>.*), _genkey_1=/${segment}} to RewritePath
2025-06-21T20:22:21.028+02:00 DEBUG 909930 --- [ApiGatwayCompain] [           main] o.s.c.g.r.RouteDefinitionRouteLocator    : RouteDefinition matched: swagger-projetcompain
2025-06-21T20:22:21.029+02:00 DEBUG 909930 --- [ApiGatwayCompain] [           main] o.s.c.g.r.RouteDefinitionRouteLocator    : RouteDefinition swagger-facturation applying {_genkey_0=/facturation/v3/api-docs} to Path
2025-06-21T20:22:21.032+02:00 DEBUG 909930 --- [ApiGatwayCompain] [           main] o.s.c.g.r.RouteDefinitionRouteLocator    : RouteDefinition swagger-facturation applying filter {_genkey_0=X-Forwarded-Proto, _genkey_1=https} to AddRequestHeader
2025-06-21T20:22:21.036+02:00 DEBUG 909930 --- [ApiGatwayCompain] [           main] o.s.c.g.r.RouteDefinitionRouteLocator    : RouteDefinition swagger-facturation applying filter {_genkey_0=/facturation/(?<segment>.*), _genkey_1=/${segment}} to RewritePath
2025-06-21T20:22:21.041+02:00 DEBUG 909930 --- [ApiGatwayCompain] [           main] o.s.c.g.r.RouteDefinitionRouteLocator    : RouteDefinition matched: swagger-facturation
2025-06-21T20:22:21.041+02:00 DEBUG 909930 --- [ApiGatwayCompain] [           main] o.s.c.g.r.RouteDefinitionRouteLocator    : RouteDefinition swagger-ui applying {_genkey_0=/swagger-ui/**} to Path
2025-06-21T20:22:21.044+02:00 DEBUG 909930 --- [ApiGatwayCompain] [           main] o.s.c.g.r.RouteDefinitionRouteLocator    : RouteDefinition swagger-ui applying filter {_genkey_0=X-Forwarded-Proto, _genkey_1=https} to AddRequestHeader
2025-06-21T20:22:21.049+02:00 DEBUG 909930 --- [ApiGatwayCompain] [           main] o.s.c.g.r.RouteDefinitionRouteLocator    : RouteDefinition swagger-ui applying filter {_genkey_0=/swagger-ui/(?<segment>.*), _genkey_1=/${segment}} to RewritePath
2025-06-21T20:22:21.056+02:00 DEBUG 909930 --- [ApiGatwayCompain] [           main] o.s.c.g.r.RouteDefinitionRouteLocator    : RouteDefinition swagger-ui applying filter {} to TokenRelay
2025-06-21T20:22:21.060+02:00 DEBUG 909930 --- [ApiGatwayCompain] [           main] o.s.c.g.r.RouteDefinitionRouteLocator    : RouteDefinition matched: swagger-ui
2025-06-21T20:22:21.062+02:00 DEBUG 909930 --- [ApiGatwayCompain] [           main] o.s.c.g.r.RouteDefinitionRouteLocator    : RouteDefinition swagger-oauth-redirect applying {_genkey_0=/swagger-ui/oauth2-redirect.html} to Path
2025-06-21T20:22:21.065+02:00 DEBUG 909930 --- [ApiGatwayCompain] [           main] o.s.c.g.r.RouteDefinitionRouteLocator    : RouteDefinition swagger-oauth-redirect applying filter {_genkey_0=X-Forwarded-Proto, _genkey_1=https} to AddRequestHeader
2025-06-21T20:22:21.070+02:00 DEBUG 909930 --- [ApiGatwayCompain] [           main] o.s.c.g.r.RouteDefinitionRouteLocator    : RouteDefinition swagger-oauth-redirect applying filter {_genkey_0=/swagger-ui/oauth2-redirect.html, _genkey_1=/oauth2-redirect.html} to RewritePath
2025-06-21T20:22:21.074+02:00 DEBUG 909930 --- [ApiGatwayCompain] [           main] o.s.c.g.r.RouteDefinitionRouteLocator    : RouteDefinition matched: swagger-oauth-redirect
2025-06-21T20:22:21.117+02:00 DEBUG 909930 --- [ApiGatwayCompain] [           main] o.s.c.g.filter.GatewayMetricsFilter      : New routes count: 19
2025-06-21T20:22:21.180+02:00 DEBUG 909930 --- [ApiGatwayCompain] [           main] o.s.c.g.r.RouteDefinitionRouteLocator    : RouteDefinition ReactiveCompositeDiscoveryClient_COMMERCIALSERVICE applying {pattern=/commercialservice/**} to Path
2025-06-21T20:22:21.184+02:00 DEBUG 909930 --- [ApiGatwayCompain] [           main] o.s.c.g.r.RouteDefinitionRouteLocator    : RouteDefinition ReactiveCompositeDiscoveryClient_COMMERCIALSERVICE applying filter {_genkey_0=X-Forwarded-Proto, _genkey_1=https} to AddRequestHeader
2025-06-21T20:22:21.186+02:00 DEBUG 909930 --- [ApiGatwayCompain] [           main] o.s.c.g.r.RouteDefinitionRouteLocator    : RouteDefinition ReactiveCompositeDiscoveryClient_COMMERCIALSERVICE applying filter {regexp=/commercialservice/?(?<remaining>.*), replacement=/${remaining}} to RewritePath
2025-06-21T20:22:21.189+02:00 DEBUG 909930 --- [ApiGatwayCompain] [           main] o.s.c.g.r.RouteDefinitionRouteLocator    : RouteDefinition matched: ReactiveCompositeDiscoveryClient_COMMERCIALSERVICE
2025-06-21T20:22:21.191+02:00 DEBUG 909930 --- [ApiGatwayCompain] [           main] o.s.c.g.r.RouteDefinitionRouteLocator    : RouteDefinition ReactiveCompositeDiscoveryClient_EMAILSERVICE applying {pattern=/emailservice/**} to Path
2025-06-21T20:22:21.203+02:00 DEBUG 909930 --- [ApiGatwayCompain] [           main] o.s.c.g.r.RouteDefinitionRouteLocator    : RouteDefinition ReactiveCompositeDiscoveryClient_EMAILSERVICE applying filter {_genkey_0=X-Forwarded-Proto, _genkey_1=https} to AddRequestHeader
2025-06-21T20:22:21.207+02:00 DEBUG 909930 --- [ApiGatwayCompain] [           main] o.s.c.g.r.RouteDefinitionRouteLocator    : RouteDefinition ReactiveCompositeDiscoveryClient_EMAILSERVICE applying filter {regexp=/emailservice/?(?<remaining>.*), replacement=/${remaining}} to RewritePath
2025-06-21T20:22:21.210+02:00 DEBUG 909930 --- [ApiGatwayCompain] [           main] o.s.c.g.r.RouteDefinitionRouteLocator    : RouteDefinition matched: ReactiveCompositeDiscoveryClient_EMAILSERVICE
2025-06-21T20:22:21.211+02:00 DEBUG 909930 --- [ApiGatwayCompain] [           main] o.s.c.g.r.RouteDefinitionRouteLocator    : RouteDefinition ReactiveCompositeDiscoveryClient_PROJETCOMPAIN applying {pattern=/projetcompain/**} to Path
2025-06-21T20:22:21.214+02:00 DEBUG 909930 --- [ApiGatwayCompain] [           main] o.s.c.g.r.RouteDefinitionRouteLocator    : RouteDefinition ReactiveCompositeDiscoveryClient_PROJETCOMPAIN applying filter {_genkey_0=X-Forwarded-Proto, _genkey_1=https} to AddRequestHeader
2025-06-21T20:22:21.216+02:00 DEBUG 909930 --- [ApiGatwayCompain] [           main] o.s.c.g.r.RouteDefinitionRouteLocator    : RouteDefinition ReactiveCompositeDiscoveryClient_PROJETCOMPAIN applying filter {regexp=/projetcompain/?(?<remaining>.*), replacement=/${remaining}} to RewritePath
2025-06-21T20:22:21.220+02:00 DEBUG 909930 --- [ApiGatwayCompain] [           main] o.s.c.g.r.RouteDefinitionRouteLocator    : RouteDefinition matched: ReactiveCompositeDiscoveryClient_PROJETCOMPAIN
2025-06-21T20:22:21.221+02:00 DEBUG 909930 --- [ApiGatwayCompain] [           main] o.s.c.g.r.RouteDefinitionRouteLocator    : RouteDefinition ReactiveCompositeDiscoveryClient_NOTIFICATIONSERVICE applying {pattern=/notificationservice/**} to Path
2025-06-21T20:22:21.224+02:00 DEBUG 909930 --- [ApiGatwayCompain] [           main] o.s.c.g.r.RouteDefinitionRouteLocator    : RouteDefinition ReactiveCompositeDiscoveryClient_NOTIFICATIONSERVICE applying filter {_genkey_0=X-Forwarded-Proto, _genkey_1=https} to AddRequestHeader
2025-06-21T20:22:21.226+02:00 DEBUG 909930 --- [ApiGatwayCompain] [           main] o.s.c.g.r.RouteDefinitionRouteLocator    : RouteDefinition ReactiveCompositeDiscoveryClient_NOTIFICATIONSERVICE applying filter {regexp=/notificationservice/?(?<remaining>.*), replacement=/${remaining}} to RewritePath
2025-06-21T20:22:21.229+02:00 DEBUG 909930 --- [ApiGatwayCompain] [           main] o.s.c.g.r.RouteDefinitionRouteLocator    : RouteDefinition matched: ReactiveCompositeDiscoveryClient_NOTIFICATIONSERVICE
2025-06-21T20:22:21.230+02:00 DEBUG 909930 --- [ApiGatwayCompain] [           main] o.s.c.g.r.RouteDefinitionRouteLocator    : RouteDefinition ReactiveCompositeDiscoveryClient_APIGATWAY applying {pattern=/apigatway/**} to Path
2025-06-21T20:22:21.233+02:00 DEBUG 909930 --- [ApiGatwayCompain] [           main] o.s.c.g.r.RouteDefinitionRouteLocator    : RouteDefinition ReactiveCompositeDiscoveryClient_APIGATWAY applying filter {_genkey_0=X-Forwarded-Proto, _genkey_1=https} to AddRequestHeader
2025-06-21T20:22:21.236+02:00 DEBUG 909930 --- [ApiGatwayCompain] [           main] o.s.c.g.r.RouteDefinitionRouteLocator    : RouteDefinition ReactiveCompositeDiscoveryClient_APIGATWAY applying filter {regexp=/apigatway/?(?<remaining>.*), replacement=/${remaining}} to RewritePath
2025-06-21T20:22:21.238+02:00 DEBUG 909930 --- [ApiGatwayCompain] [           main] o.s.c.g.r.RouteDefinitionRouteLocator    : RouteDefinition matched: ReactiveCompositeDiscoveryClient_APIGATWAY
2025-06-21T20:22:21.239+02:00 DEBUG 909930 --- [ApiGatwayCompain] [           main] o.s.c.g.r.RouteDefinitionRouteLocator    : RouteDefinition ReactiveCompositeDiscoveryClient_PROJECTSERVICE applying {pattern=/projectservice/**} to Path
2025-06-21T20:22:21.242+02:00 DEBUG 909930 --- [ApiGatwayCompain] [           main] o.s.c.g.r.RouteDefinitionRouteLocator    : RouteDefinition ReactiveCompositeDiscoveryClient_PROJECTSERVICE applying filter {_genkey_0=X-Forwarded-Proto, _genkey_1=https} to AddRequestHeader
2025-06-21T20:22:21.245+02:00 DEBUG 909930 --- [ApiGatwayCompain] [           main] o.s.c.g.r.RouteDefinitionRouteLocator    : RouteDefinition ReactiveCompositeDiscoveryClient_PROJECTSERVICE applying filter {regexp=/projectservice/?(?<remaining>.*), replacement=/${remaining}} to RewritePath
2025-06-21T20:22:21.247+02:00 DEBUG 909930 --- [ApiGatwayCompain] [           main] o.s.c.g.r.RouteDefinitionRouteLocator    : RouteDefinition matched: ReactiveCompositeDiscoveryClient_PROJECTSERVICE
2025-06-21T20:22:21.248+02:00 DEBUG 909930 --- [ApiGatwayCompain] [           main] o.s.c.g.r.RouteDefinitionRouteLocator    : RouteDefinition ReactiveCompositeDiscoveryClient_PROJECTCOMPANY applying {pattern=/projectcompany/**} to Path
2025-06-21T20:22:21.250+02:00 DEBUG 909930 --- [ApiGatwayCompain] [           main] o.s.c.g.r.RouteDefinitionRouteLocator    : RouteDefinition ReactiveCompositeDiscoveryClient_PROJECTCOMPANY applying filter {_genkey_0=X-Forwarded-Proto, _genkey_1=https} to AddRequestHeader
2025-06-21T20:22:21.253+02:00 DEBUG 909930 --- [ApiGatwayCompain] [           main] o.s.c.g.r.RouteDefinitionRouteLocator    : RouteDefinition ReactiveCompositeDiscoveryClient_PROJECTCOMPANY applying filter {regexp=/projectcompany/?(?<remaining>.*), replacement=/${remaining}} to RewritePath
2025-06-21T20:22:21.255+02:00 DEBUG 909930 --- [ApiGatwayCompain] [           main] o.s.c.g.r.RouteDefinitionRouteLocator    : RouteDefinition matched: ReactiveCompositeDiscoveryClient_PROJECTCOMPANY
2025-06-21T20:22:21.257+02:00 DEBUG 909930 --- [ApiGatwayCompain] [           main] o.s.c.g.r.RouteDefinitionRouteLocator    : RouteDefinition ReactiveCompositeDiscoveryClient_DOCUMENTSERVICE applying {pattern=/documentservice/**} to Path
2025-06-21T20:22:21.260+02:00 DEBUG 909930 --- [ApiGatwayCompain] [           main] o.s.c.g.r.RouteDefinitionRouteLocator    : RouteDefinition ReactiveCompositeDiscoveryClient_DOCUMENTSERVICE applying filter {_genkey_0=X-Forwarded-Proto, _genkey_1=https} to AddRequestHeader
2025-06-21T20:22:21.263+02:00 DEBUG 909930 --- [ApiGatwayCompain] [           main] o.s.c.g.r.RouteDefinitionRouteLocator    : RouteDefinition ReactiveCompositeDiscoveryClient_DOCUMENTSERVICE applying filter {regexp=/documentservice/?(?<remaining>.*), replacement=/${remaining}} to RewritePath
2025-06-21T20:22:21.264+02:00 DEBUG 909930 --- [ApiGatwayCompain] [           main] o.s.c.g.r.RouteDefinitionRouteLocator    : RouteDefinition matched: ReactiveCompositeDiscoveryClient_DOCUMENTSERVICE
2025-06-21T20:22:21.266+02:00 DEBUG 909930 --- [ApiGatwayCompain] [           main] o.s.c.g.r.RouteDefinitionRouteLocator    : RouteDefinition ReactiveCompositeDiscoveryClient_ACTIVITYSERVICE applying {pattern=/activityservice/**} to Path
2025-06-21T20:22:21.268+02:00 DEBUG 909930 --- [ApiGatwayCompain] [           main] o.s.c.g.r.RouteDefinitionRouteLocator    : RouteDefinition ReactiveCompositeDiscoveryClient_ACTIVITYSERVICE applying filter {_genkey_0=X-Forwarded-Proto, _genkey_1=https} to AddRequestHeader
2025-06-21T20:22:21.270+02:00 DEBUG 909930 --- [ApiGatwayCompain] [           main] o.s.c.g.r.RouteDefinitionRouteLocator    : RouteDefinition ReactiveCompositeDiscoveryClient_ACTIVITYSERVICE applying filter {regexp=/activityservice/?(?<remaining>.*), replacement=/${remaining}} to RewritePath
2025-06-21T20:22:21.272+02:00 DEBUG 909930 --- [ApiGatwayCompain] [           main] o.s.c.g.r.RouteDefinitionRouteLocator    : RouteDefinition matched: ReactiveCompositeDiscoveryClient_ACTIVITYSERVICE
2025-06-21T20:22:21.273+02:00 DEBUG 909930 --- [ApiGatwayCompain] [           main] o.s.c.g.r.RouteDefinitionRouteLocator    : RouteDefinition projetcompain applying {_genkey_0=/projetcompain/**} to Path
2025-06-21T20:22:21.275+02:00 DEBUG 909930 --- [ApiGatwayCompain] [           main] o.s.c.g.r.RouteDefinitionRouteLocator    : RouteDefinition projetcompain applying filter {_genkey_0=X-Forwarded-Proto, _genkey_1=https} to AddRequestHeader
2025-06-21T20:22:21.277+02:00 DEBUG 909930 --- [ApiGatwayCompain] [           main] o.s.c.g.r.RouteDefinitionRouteLocator    : RouteDefinition projetcompain applying filter {_genkey_0=1} to StripPrefix
2025-06-21T20:22:21.278+02:00 DEBUG 909930 --- [ApiGatwayCompain] [           main] o.s.c.g.r.RouteDefinitionRouteLocator    : RouteDefinition projetcompain applying filter {} to TokenRelay
2025-06-21T20:22:21.280+02:00 DEBUG 909930 --- [ApiGatwayCompain] [           main] o.s.c.g.r.RouteDefinitionRouteLocator    : RouteDefinition matched: projetcompain
2025-06-21T20:22:21.280+02:00 DEBUG 909930 --- [ApiGatwayCompain] [           main] o.s.c.g.r.RouteDefinitionRouteLocator    : RouteDefinition facturation applying {_genkey_0=/facturation/**} to Path
2025-06-21T20:22:21.282+02:00 DEBUG 909930 --- [ApiGatwayCompain] [           main] o.s.c.g.r.RouteDefinitionRouteLocator    : RouteDefinition facturation applying filter {_genkey_0=X-Forwarded-Proto, _genkey_1=https} to AddRequestHeader
2025-06-21T20:22:21.284+02:00 DEBUG 909930 --- [ApiGatwayCompain] [           main] o.s.c.g.r.RouteDefinitionRouteLocator    : RouteDefinition facturation applying filter {_genkey_0=1} to StripPrefix
2025-06-21T20:22:21.286+02:00 DEBUG 909930 --- [ApiGatwayCompain] [           main] o.s.c.g.r.RouteDefinitionRouteLocator    : RouteDefinition facturation applying filter {} to TokenRelay
2025-06-21T20:22:21.287+02:00 DEBUG 909930 --- [ApiGatwayCompain] [           main] o.s.c.g.r.RouteDefinitionRouteLocator    : RouteDefinition matched: facturation
2025-06-21T20:22:21.288+02:00 DEBUG 909930 --- [ApiGatwayCompain] [           main] o.s.c.g.r.RouteDefinitionRouteLocator    : RouteDefinition banqueservice applying {_genkey_0=/banqueservice/**} to Path
2025-06-21T20:22:21.290+02:00 DEBUG 909930 --- [ApiGatwayCompain] [           main] o.s.c.g.r.RouteDefinitionRouteLocator    : RouteDefinition banqueservice applying filter {_genkey_0=X-Forwarded-Proto, _genkey_1=https} to AddRequestHeader
2025-06-21T20:22:21.292+02:00 DEBUG 909930 --- [ApiGatwayCompain] [           main] o.s.c.g.r.RouteDefinitionRouteLocator    : RouteDefinition banqueservice applying filter {_genkey_0=1} to StripPrefix
2025-06-21T20:22:21.294+02:00 DEBUG 909930 --- [ApiGatwayCompain] [           main] o.s.c.g.r.RouteDefinitionRouteLocator    : RouteDefinition banqueservice applying filter {} to TokenRelay
2025-06-21T20:22:21.296+02:00 DEBUG 909930 --- [ApiGatwayCompain] [           main] o.s.c.g.r.RouteDefinitionRouteLocator    : RouteDefinition matched: banqueservice
2025-06-21T20:22:21.296+02:00 DEBUG 909930 --- [ApiGatwayCompain] [           main] o.s.c.g.r.RouteDefinitionRouteLocator    : RouteDefinition depense applying {_genkey_0=/depense/**} to Path
2025-06-21T20:22:21.298+02:00 DEBUG 909930 --- [ApiGatwayCompain] [           main] o.s.c.g.r.RouteDefinitionRouteLocator    : RouteDefinition depense applying filter {_genkey_0=X-Forwarded-Proto, _genkey_1=https} to AddRequestHeader
2025-06-21T20:22:21.300+02:00 DEBUG 909930 --- [ApiGatwayCompain] [           main] o.s.c.g.r.RouteDefinitionRouteLocator    : RouteDefinition depense applying filter {_genkey_0=1} to StripPrefix
2025-06-21T20:22:21.302+02:00 DEBUG 909930 --- [ApiGatwayCompain] [           main] o.s.c.g.r.RouteDefinitionRouteLocator    : RouteDefinition depense applying filter {} to TokenRelay
2025-06-21T20:22:21.304+02:00 DEBUG 909930 --- [ApiGatwayCompain] [           main] o.s.c.g.r.RouteDefinitionRouteLocator    : RouteDefinition matched: depense
2025-06-21T20:22:21.305+02:00 DEBUG 909930 --- [ApiGatwayCompain] [           main] o.s.c.g.r.RouteDefinitionRouteLocator    : RouteDefinition documents applying {_genkey_0=/documents/**} to Path
2025-06-21T20:22:21.308+02:00 DEBUG 909930 --- [ApiGatwayCompain] [           main] o.s.c.g.r.RouteDefinitionRouteLocator    : RouteDefinition documents applying filter {_genkey_0=X-Forwarded-Proto, _genkey_1=https} to AddRequestHeader
2025-06-21T20:22:21.310+02:00 DEBUG 909930 --- [ApiGatwayCompain] [           main] o.s.c.g.r.RouteDefinitionRouteLocator    : RouteDefinition documents applying filter {_genkey_0=1} to StripPrefix
2025-06-21T20:22:21.311+02:00 DEBUG 909930 --- [ApiGatwayCompain] [           main] o.s.c.g.r.RouteDefinitionRouteLocator    : RouteDefinition documents applying filter {} to TokenRelay
2025-06-21T20:22:21.312+02:00 DEBUG 909930 --- [ApiGatwayCompain] [           main] o.s.c.g.r.RouteDefinitionRouteLocator    : RouteDefinition matched: documents
2025-06-21T20:22:21.313+02:00 DEBUG 909930 --- [ApiGatwayCompain] [           main] o.s.c.g.r.RouteDefinitionRouteLocator    : RouteDefinition reglementaffectation applying {_genkey_0=/reglementaffectation/**} to Path
2025-06-21T20:22:21.314+02:00 DEBUG 909930 --- [ApiGatwayCompain] [           main] o.s.c.g.r.RouteDefinitionRouteLocator    : RouteDefinition reglementaffectation applying filter {_genkey_0=X-Forwarded-Proto, _genkey_1=https} to AddRequestHeader
2025-06-21T20:22:21.316+02:00 DEBUG 909930 --- [ApiGatwayCompain] [           main] o.s.c.g.r.RouteDefinitionRouteLocator    : RouteDefinition reglementaffectation applying filter {_genkey_0=1} to StripPrefix
2025-06-21T20:22:21.317+02:00 DEBUG 909930 --- [ApiGatwayCompain] [           main] o.s.c.g.r.RouteDefinitionRouteLocator    : RouteDefinition reglementaffectation applying filter {} to TokenRelay
2025-06-21T20:22:21.318+02:00 DEBUG 909930 --- [ApiGatwayCompain] [           main] o.s.c.g.r.RouteDefinitionRouteLocator    : RouteDefinition matched: reglementaffectation
2025-06-21T20:22:21.319+02:00 DEBUG 909930 --- [ApiGatwayCompain] [           main] o.s.c.g.r.RouteDefinitionRouteLocator    : RouteDefinition swagger-projetcompain applying {_genkey_0=/projetcompain/v3/api-docs} to Path
2025-06-21T20:22:21.320+02:00 DEBUG 909930 --- [ApiGatwayCompain] [           main] o.s.c.g.r.RouteDefinitionRouteLocator    : RouteDefinition swagger-projetcompain applying filter {_genkey_0=X-Forwarded-Proto, _genkey_1=https} to AddRequestHeader
2025-06-21T20:22:21.322+02:00 DEBUG 909930 --- [ApiGatwayCompain] [           main] o.s.c.g.r.RouteDefinitionRouteLocator    : RouteDefinition swagger-projetcompain applying filter {_genkey_0=/projetcompain/(?<segment>.*), _genkey_1=/${segment}} to RewritePath
2025-06-21T20:22:21.324+02:00 DEBUG 909930 --- [ApiGatwayCompain] [           main] o.s.c.g.r.RouteDefinitionRouteLocator    : RouteDefinition matched: swagger-projetcompain
2025-06-21T20:22:21.324+02:00 DEBUG 909930 --- [ApiGatwayCompain] [           main] o.s.c.g.r.RouteDefinitionRouteLocator    : RouteDefinition swagger-facturation applying {_genkey_0=/facturation/v3/api-docs} to Path
2025-06-21T20:22:21.326+02:00 DEBUG 909930 --- [ApiGatwayCompain] [           main] o.s.c.g.r.RouteDefinitionRouteLocator    : RouteDefinition swagger-facturation applying filter {_genkey_0=X-Forwarded-Proto, _genkey_1=https} to AddRequestHeader
2025-06-21T20:22:21.327+02:00 DEBUG 909930 --- [ApiGatwayCompain] [           main] o.s.c.g.r.RouteDefinitionRouteLocator    : RouteDefinition swagger-facturation applying filter {_genkey_0=/facturation/(?<segment>.*), _genkey_1=/${segment}} to RewritePath
2025-06-21T20:22:21.329+02:00 DEBUG 909930 --- [ApiGatwayCompain] [           main] o.s.c.g.r.RouteDefinitionRouteLocator    : RouteDefinition matched: swagger-facturation
2025-06-21T20:22:21.329+02:00 DEBUG 909930 --- [ApiGatwayCompain] [           main] o.s.c.g.r.RouteDefinitionRouteLocator    : RouteDefinition swagger-ui applying {_genkey_0=/swagger-ui/**} to Path
2025-06-21T20:22:21.331+02:00 DEBUG 909930 --- [ApiGatwayCompain] [           main] o.s.c.g.r.RouteDefinitionRouteLocator    : RouteDefinition swagger-ui applying filter {_genkey_0=X-Forwarded-Proto, _genkey_1=https} to AddRequestHeader
2025-06-21T20:22:21.333+02:00 DEBUG 909930 --- [ApiGatwayCompain] [           main] o.s.c.g.r.RouteDefinitionRouteLocator    : RouteDefinition swagger-ui applying filter {_genkey_0=/swagger-ui/(?<segment>.*), _genkey_1=/${segment}} to RewritePath
2025-06-21T20:22:21.335+02:00 DEBUG 909930 --- [ApiGatwayCompain] [           main] o.s.c.g.r.RouteDefinitionRouteLocator    : RouteDefinition swagger-ui applying filter {} to TokenRelay
2025-06-21T20:22:21.336+02:00 DEBUG 909930 --- [ApiGatwayCompain] [           main] o.s.c.g.r.RouteDefinitionRouteLocator    : RouteDefinition matched: swagger-ui
2025-06-21T20:22:21.336+02:00 DEBUG 909930 --- [ApiGatwayCompain] [           main] o.s.c.g.r.RouteDefinitionRouteLocator    : RouteDefinition swagger-oauth-redirect applying {_genkey_0=/swagger-ui/oauth2-redirect.html} to Path
2025-06-21T20:22:21.338+02:00 DEBUG 909930 --- [ApiGatwayCompain] [           main] o.s.c.g.r.RouteDefinitionRouteLocator    : RouteDefinition swagger-oauth-redirect applying filter {_genkey_0=X-Forwarded-Proto, _genkey_1=https} to AddRequestHeader
2025-06-21T20:22:21.340+02:00 DEBUG 909930 --- [ApiGatwayCompain] [           main] o.s.c.g.r.RouteDefinitionRouteLocator    : RouteDefinition swagger-oauth-redirect applying filter {_genkey_0=/swagger-ui/oauth2-redirect.html, _genkey_1=/oauth2-redirect.html} to RewritePath
2025-06-21T20:22:21.341+02:00 DEBUG 909930 --- [ApiGatwayCompain] [           main] o.s.c.g.r.RouteDefinitionRouteLocator    : RouteDefinition matched: swagger-oauth-redirect
2025-06-21T20:22:21.351+02:00 DEBUG 909930 --- [ApiGatwayCompain] [           main] o.s.c.g.filter.GatewayMetricsFilter      : New routes count: 19
2025-06-21T20:22:21.356+02:00  INFO 909930 --- [ApiGatwayCompain] [           main] t.iit.ApiGatwayCompainApplicationTests   : Started ApiGatwayCompainApplicationTests in 9.866 seconds (process running for 12.784)
]]></system-out>
  </testcase>
</testsuite>